<?xml version="1.0" encoding="UTF-8"?>
<!-- Generated by org.testng.reporters.JUnitReportReporter -->
<testsuite hostname="LAPTOP-LP9QG413" failures="0" tests="3" name="resedencialbuilder.atbuilder.LoginTest" time="0.005" errors="0" timestamp="2021-04-02T21:12:45 EDT" skipped="0">
  <testcase classname="resedencialbuilder.atbuilder.LoginTest" name="testcase3" time="0.001"/>
  <system-out/>
  <testcase classname="resedencialbuilder.atbuilder.LoginTest" name="testcase2" time="0.000"/>
  <system-out/>
  <testcase classname="resedencialbuilder.atbuilder.LoginTest" name="testcase1" time="0.004"/>
  <system-out/>
</testsuite> <!-- resedencialbuilder.atbuilder.LoginTest -->
